2025-06-16 05:01:47,637(dd-MM-yyyy HH:mm:ss) ERROR [io.qu.ve.ht.ru.QuarkusErrorHandler] (vert.x-eventloop-thread-1)HTTP Request to /q/dev-ui/json-rpc-ws failed, error id: 3f37890f-7921-4190-9089-17ae82220156-1: java.lang.RuntimeException: Error injecting boolean io.smallrye.jwt.config.JWTAuthContextInfoProvider.alwaysCheckAuthorization
	at io.smallrye.jwt.config.JWTAuthContextInfoProvider_Bean.doCreate(Unknown Source)
	at io.smallrye.jwt.config.JWTAuthContextInfoProvider_Bean.create(Unknown Source)
	at io.smallrye.jwt.config.JWTAuthContextInfoProvider_Bean.get(Unknown Source)
	at io.smallrye.jwt.config.JWTAuthContextInfoProvider_Bean.get(Unknown Source)
	at io.smallrye.jwt.config.JWTAuthContextInfoProvider_ProducerMethod_getContextInfo_IdERZ3rgTvGnz5ERAK80guTDswo_Bean.doCreate(Unknown Source)
	at io.smallrye.jwt.config.JWTAuthContextInfoProvider_ProducerMethod_getContextInfo_IdERZ3rgTvGnz5ERAK80guTDswo_Bean.create(Unknown Source)
	at io.smallrye.jwt.config.JWTAuthContextInfoProvider_ProducerMethod_getContextInfo_IdERZ3rgTvGnz5ERAK80guTDswo_Bean.create(Unknown Source)
	at io.quarkus.arc.impl.AbstractSharedContext.createInstanceHandle(AbstractSharedContext.java:119)
	at io.quarkus.arc.impl.AbstractSharedContext$1.get(AbstractSharedContext.java:38)
	at io.quarkus.arc.impl.AbstractSharedContext$1.get(AbstractSharedContext.java:35)
	at io.quarkus.arc.generator.Default_jakarta_enterprise_context_ApplicationScoped_ContextInstances.c53(Unknown Source)
	at io.quarkus.arc.generator.Default_jakarta_enterprise_context_ApplicationScoped_ContextInstances.computeIfAbsent(Unknown Source)
	at io.quarkus.arc.impl.AbstractSharedContext.get(AbstractSharedContext.java:35)
	at io.quarkus.arc.impl.ClientProxies.getApplicationScopedDelegate(ClientProxies.java:23)
	at io.smallrye.jwt.auth.principal.JWTAuthContextInfoProvider_ProducerMethod_getContextInfo_IdERZ3rgTvGnz5ERAK80guTDswo_ClientProxy.arc$delegate(Unknown Source)
	at io.smallrye.jwt.auth.principal.JWTAuthContextInfoProvider_ProducerMethod_getContextInfo_IdERZ3rgTvGnz5ERAK80guTDswo_ClientProxy.getTokenHeader(Unknown Source)
	at io.smallrye.jwt.auth.AbstractBearerTokenExtractor.getBearerToken(AbstractBearerTokenExtractor.java:52)
	at io.quarkus.smallrye.jwt.runtime.auth.JWTAuthMechanism.authenticate(JWTAuthMechanism.java:66)
	at io.quarkus.smallrye.jwt.runtime.auth.JWTAuthMechanism_ClientProxy.authenticate(Unknown Source)
	at io.quarkus.vertx.http.runtime.security.HttpAuthenticator.createSecurityIdentity(HttpAuthenticator.java:275)
	at io.quarkus.vertx.http.runtime.security.HttpAuthenticator.attemptAuthentication(HttpAuthenticator.java:209)
	at io.quarkus.vertx.http.runtime.security.HttpSecurityRecorder$AuthenticationHandler.handle(HttpSecurityRecorder.java:328)
	at io.quarkus.vertx.http.runtime.security.HttpSecurityRecorder$AuthenticationHandler.handle(HttpSecurityRecorder.java:268)
	at io.vertx.ext.web.impl.RouteState.handleContext(RouteState.java:1281)
	at io.vertx.ext.web.impl.RoutingContextImplBase.iterateNext(RoutingContextImplBase.java:177)
	at io.vertx.ext.web.impl.RoutingContextImpl.next(RoutingContextImpl.java:151)
	at io.quarkus.vertx.http.runtime.filters.accesslog.AccessLogHandler.handle(AccessLogHandler.java:147)
	at io.quarkus.vertx.http.runtime.filters.accesslog.AccessLogHandler.handle(AccessLogHandler.java:94)
	at io.vertx.ext.web.impl.RouteState.handleContext(RouteState.java:1281)
	at io.vertx.ext.web.impl.RoutingContextImplBase.iterateNext(RoutingContextImplBase.java:177)
	at io.vertx.ext.web.impl.RoutingContextImpl.next(RoutingContextImpl.java:151)
	at io.quarkus.vertx.http.runtime.devmode.VertxHttpHotReplacementSetup$5.handle(VertxHttpHotReplacementSetup.java:206)
	at io.quarkus.vertx.http.runtime.devmode.VertxHttpHotReplacementSetup$5.handle(VertxHttpHotReplacementSetup.java:194)
	at io.vertx.core.impl.future.FutureImpl$4.onSuccess(FutureImpl.java:176)
	at io.vertx.core.impl.future.FutureBase.lambda$emitSuccess$0(FutureBase.java:60)
	at io.netty.util.concurrent.AbstractEventExecutor.runTask(AbstractEventExecutor.java:173)
	at io.netty.util.concurrent.AbstractEventExecutor.safeExecute(AbstractEventExecutor.java:166)
	at io.netty.util.concurrent.SingleThreadEventExecutor.runAllTasks(SingleThreadEventExecutor.java:472)
	at io.netty.channel.nio.NioEventLoop.run(NioEventLoop.java:569)
	at io.netty.util.concurrent.SingleThreadEventExecutor$4.run(SingleThreadEventExecutor.java:998)
	at io.netty.util.internal.ThreadExecutorMap$2.run(ThreadExecutorMap.java:74)
	at io.netty.util.concurrent.FastThreadLocalRunnable.run(FastThreadLocalRunnable.java:30)
	at java.base/java.lang.Thread.run(Thread.java:1583)
Caused by: java.lang.RuntimeException: Error injecting io.quarkus.arc.runtime.ConfigStaticInitValues io.quarkus.arc.runtime.ConfigStaticInitCheckInterceptor.configValues
	at io.quarkus.arc.runtime.ConfigStaticInitCheckInterceptor_Bean.doCreate(Unknown Source)
	at io.quarkus.arc.runtime.ConfigStaticInitCheckInterceptor_Bean.create(Unknown Source)
	at io.quarkus.arc.runtime.ConfigStaticInitCheckInterceptor_Bean.get(Unknown Source)
	at io.quarkus.arc.runtime.ConfigStaticInitCheckInterceptor_Bean.get(Unknown Source)
	at io.smallrye.config.inject.ConfigProducer_Subclass.<init>(Unknown Source)
	at io.smallrye.config.inject.ConfigProducer_Bean.doCreate(Unknown Source)
	at io.smallrye.config.inject.ConfigProducer_Bean.create(Unknown Source)
	at io.smallrye.config.inject.ConfigProducer_Bean.create(Unknown Source)
	at io.quarkus.arc.impl.AbstractSharedContext.createInstanceHandle(AbstractSharedContext.java:119)
	at io.quarkus.arc.impl.AbstractSharedContext$1.get(AbstractSharedContext.java:38)
	at io.quarkus.arc.impl.AbstractSharedContext$1.get(AbstractSharedContext.java:35)
	at io.quarkus.arc.generator.Default_jakarta_enterprise_context_ApplicationScoped_ContextInstances.c19(Unknown Source)
	at io.quarkus.arc.generator.Default_jakarta_enterprise_context_ApplicationScoped_ContextInstances.computeIfAbsent(Unknown Source)
	at io.quarkus.arc.impl.AbstractSharedContext.get(AbstractSharedContext.java:35)
	at io.quarkus.arc.impl.ClientProxies.getApplicationScopedDelegate(ClientProxies.java:23)
	at io.smallrye.config.inject.ConfigProducer_ClientProxy.arc$delegate(Unknown Source)
	at io.smallrye.config.inject.ConfigProducer_ClientProxy.arc_contextualInstance(Unknown Source)
	at io.smallrye.config.inject.ConfigProducer_ProducerMethod_produceBooleanConfigProperty_vanAxwNEeXT5HCx4jOWn3otsCog_Bean.doCreate(Unknown Source)
	at io.smallrye.config.inject.ConfigProducer_ProducerMethod_produceBooleanConfigProperty_vanAxwNEeXT5HCx4jOWn3otsCog_Bean.create(Unknown Source)
	at io.smallrye.config.inject.ConfigProducer_ProducerMethod_produceBooleanConfigProperty_vanAxwNEeXT5HCx4jOWn3otsCog_Bean.get(Unknown Source)
	at io.smallrye.config.inject.ConfigProducer_ProducerMethod_produceBooleanConfigProperty_vanAxwNEeXT5HCx4jOWn3otsCog_Bean.get(Unknown Source)
	at io.quarkus.arc.impl.CurrentInjectionPointProvider.get(CurrentInjectionPointProvider.java:48)
	... 43 more
Caused by: java.lang.NullPointerException: Cannot invoke "io.quarkus.arc.ArcContainer.getActiveContext(java.lang.Class)" because "<local2>" is null
	at io.quarkus.arc.runtime.ConfigStaticInitValues_Bean.get(Unknown Source)
	at io.quarkus.arc.runtime.ConfigStaticInitValues_Bean.get(Unknown Source)
	... 65 more

2025-06-16 05:01:47,818(dd-MM-yyyy HH:mm:ss) INFO  [io.gi.Jo.re.PedidoResource] (Test runner thread)Usu√°rio user@example.com criando novo pedido.
2025-06-16 05:01:47,820(dd-MM-yyyy HH:mm:ss) WARN  [io.gi.Jo.re.PedidoResource] (Test runner thread)Erro de valida√ß√£o ao criar pedido para user@example.com: Dados inv√°lidos.
2025-06-16 05:01:47,845(dd-MM-yyyy HH:mm:ss) INFO  [io.gi.Jo.re.PedidoResource] (Test runner thread)Usu√°rio user@example.com criando novo pedido.
2025-06-16 05:01:47,876(dd-MM-yyyy HH:mm:ss) INFO  [io.gi.Jo.re.PedidoResource] (Test runner thread)Usu√°rio user@example.com criando novo pedido.
2025-06-16 05:01:47,878(dd-MM-yyyy HH:mm:ss) ERROR [io.gi.Jo.re.PedidoResource] (Test runner thread)Erro inesperado ao criar pedido para user@example.com.: java.lang.RuntimeException: Erro interno.
	at io.github.JoasFyllipe.resource.PedidoResource.create(PedidoResource.java:58)
	at io.github.JoasFyllipe.PedidoResourceTest$CreatePedidoTests.testCreatePedidoUnexpectedError(PedidoResourceTest.java:166)
	at java.base/jdk.internal.reflect.DirectMethodHandleAccessor.invoke(DirectMethodHandleAccessor.java:103)
	at java.base/java.lang.reflect.Method.invoke(Method.java:580)
	at org.junit.platform.commons.util.ReflectionUtils.invokeMethod(ReflectionUtils.java:728)
	at org.junit.jupiter.engine.execution.MethodInvocation.proceed(MethodInvocation.java:60)
	at org.junit.jupiter.engine.execution.InvocationInterceptorChain$ValidatingInvocation.proceed(InvocationInterceptorChain.java:131)
	at org.junit.jupiter.engine.extension.TimeoutExtension.intercept(TimeoutExtension.java:156)
	at org.junit.jupiter.engine.extension.TimeoutExtension.interceptTestableMethod(TimeoutExtension.java:147)
	at org.junit.jupiter.engine.extension.TimeoutExtension.interceptTestMethod(TimeoutExtension.java:86)
	at org.junit.jupiter.engine.execution.InterceptingExecutableInvoker$ReflectiveInterceptorCall.lambda$ofVoidMethod$0(InterceptingExecutableInvoker.java:103)
	at org.junit.jupiter.engine.execution.InterceptingExecutableInvoker.lambda$invoke$0(InterceptingExecutableInvoker.java:93)
	at org.junit.jupiter.engine.execution.InvocationInterceptorChain$InterceptedInvocation.proceed(InvocationInterceptorChain.java:106)
	at org.junit.jupiter.engine.execution.InvocationInterceptorChain.proceed(InvocationInterceptorChain.java:64)
	at org.junit.jupiter.engine.execution.InvocationInterceptorChain.chainAndInvoke(InvocationInterceptorChain.java:45)
	at org.junit.jupiter.engine.execution.InvocationInterceptorChain.invoke(InvocationInterceptorChain.java:37)
	at org.junit.jupiter.engine.execution.InterceptingExecutableInvoker.invoke(InterceptingExecutableInvoker.java:92)
	at org.junit.jupiter.engine.execution.InterceptingExecutableInvoker.invoke(InterceptingExecutableInvoker.java:86)
	at org.junit.jupiter.engine.descriptor.TestMethodTestDescriptor.lambda$invokeTestMethod$7(TestMethodTestDescriptor.java:218)
	at org.junit.platform.engine.support.hierarchical.ThrowableCollector.execute(ThrowableCollector.java:73)
	at org.junit.jupiter.engine.descriptor.TestMethodTestDescriptor.invokeTestMethod(TestMethodTestDescriptor.java:214)
	at org.junit.jupiter.engine.descriptor.TestMethodTestDescriptor.execute(TestMethodTestDescriptor.java:139)
	at org.junit.jupiter.engine.descriptor.TestMethodTestDescriptor.execute(TestMethodTestDescriptor.java:69)
	at org.junit.platform.engine.support.hierarchical.NodeTestTask.lambda$executeRecursively$6(NodeTestTask.java:156)
	at org.junit.platform.engine.support.hierarchical.ThrowableCollector.execute(ThrowableCollector.java:73)
	at org.junit.platform.engine.support.hierarchical.NodeTestTask.lambda$executeRecursively$8(NodeTestTask.java:146)
	at org.junit.platform.engine.support.hierarchical.Node.around(Node.java:137)
	at org.junit.platform.engine.support.hierarchical.NodeTestTask.lambda$executeRecursively$9(NodeTestTask.java:144)
	at org.junit.platform.engine.support.hierarchical.ThrowableCollector.execute(ThrowableCollector.java:73)
	at org.junit.platform.engine.support.hierarchical.NodeTestTask.executeRecursively(NodeTestTask.java:143)
	at org.junit.platform.engine.support.hierarchical.NodeTestTask.execute(NodeTestTask.java:100)
	at java.base/java.util.ArrayList.forEach(ArrayList.java:1596)
	at org.junit.platform.engine.support.hierarchical.SameThreadHierarchicalTestExecutorService.invokeAll(SameThreadHierarchicalTestExecutorService.java:41)
	at org.junit.platform.engine.support.hierarchical.NodeTestTask.lambda$executeRecursively$6(NodeTestTask.java:160)
	at org.junit.platform.engine.support.hierarchical.ThrowableCollector.execute(ThrowableCollector.java:73)
	at org.junit.platform.engine.support.hierarchical.NodeTestTask.lambda$executeRecursively$8(NodeTestTask.java:146)
	at org.junit.platform.engine.support.hierarchical.Node.around(Node.java:137)
	at org.junit.platform.engine.support.hierarchical.NodeTestTask.lambda$executeRecursively$9(NodeTestTask.java:144)
	at org.junit.platform.engine.support.hierarchical.ThrowableCollector.execute(ThrowableCollector.java:73)
	at org.junit.platform.engine.support.hierarchical.NodeTestTask.executeRecursively(NodeTestTask.java:143)
	at org.junit.platform.engine.support.hierarchical.NodeTestTask.execute(NodeTestTask.java:100)
	at java.base/java.util.ArrayList.forEach(ArrayList.java:1596)
	at org.junit.platform.engine.support.hierarchical.SameThreadHierarchicalTestExecutorService.invokeAll(SameThreadHierarchicalTestExecutorService.java:41)
	at org.junit.platform.engine.support.hierarchical.NodeTestTask.lambda$executeRecursively$6(NodeTestTask.java:160)
	at org.junit.platform.engine.support.hierarchical.ThrowableCollector.execute(ThrowableCollector.java:73)
	at org.junit.platform.engine.support.hierarchical.NodeTestTask.lambda$executeRecursively$8(NodeTestTask.java:146)
	at org.junit.platform.engine.support.hierarchical.Node.around(Node.java:137)
	at org.junit.platform.engine.support.hierarchical.NodeTestTask.lambda$executeRecursively$9(NodeTestTask.java:144)
	at org.junit.platform.engine.support.hierarchical.ThrowableCollector.execute(ThrowableCollector.java:73)
	at org.junit.platform.engine.support.hierarchical.NodeTestTask.executeRecursively(NodeTestTask.java:143)
	at org.junit.platform.engine.support.hierarchical.NodeTestTask.execute(NodeTestTask.java:100)
	at java.base/java.util.ArrayList.forEach(ArrayList.java:1596)
	at org.junit.platform.engine.support.hierarchical.SameThreadHierarchicalTestExecutorService.invokeAll(SameThreadHierarchicalTestExecutorService.java:41)
	at org.junit.platform.engine.support.hierarchical.NodeTestTask.lambda$executeRecursively$6(NodeTestTask.java:160)
	at org.junit.platform.engine.support.hierarchical.ThrowableCollector.execute(ThrowableCollector.java:73)
	at org.junit.platform.engine.support.hierarchical.NodeTestTask.lambda$executeRecursively$8(NodeTestTask.java:146)
	at org.junit.platform.engine.support.hierarchical.Node.around(Node.java:137)
	at org.junit.platform.engine.support.hierarchical.NodeTestTask.lambda$executeRecursively$9(NodeTestTask.java:144)
	at org.junit.platform.engine.support.hierarchical.ThrowableCollector.execute(ThrowableCollector.java:73)
	at org.junit.platform.engine.support.hierarchical.NodeTestTask.executeRecursively(NodeTestTask.java:143)
	at org.junit.platform.engine.support.hierarchical.NodeTestTask.execute(NodeTestTask.java:100)
	at org.junit.platform.engine.support.hierarchical.SameThreadHierarchicalTestExecutorService.submit(SameThreadHierarchicalTestExecutorService.java:35)
	at org.junit.platform.engine.support.hierarchical.HierarchicalTestExecutor.execute(HierarchicalTestExecutor.java:57)
	at org.junit.platform.engine.support.hierarchical.HierarchicalTestEngine.execute(HierarchicalTestEngine.java:54)
	at org.junit.platform.launcher.core.EngineExecutionOrchestrator.execute(EngineExecutionOrchestrator.java:198)
	at org.junit.platform.launcher.core.EngineExecutionOrchestrator.execute(EngineExecutionOrchestrator.java:169)
	at org.junit.platform.launcher.core.EngineExecutionOrchestrator.execute(EngineExecutionOrchestrator.java:93)
	at org.junit.platform.launcher.core.EngineExecutionOrchestrator.lambda$execute$0(EngineExecutionOrchestrator.java:58)
	at org.junit.platform.launcher.core.EngineExecutionOrchestrator.withInterceptedStreams(EngineExecutionOrchestrator.java:141)
	at org.junit.platform.launcher.core.EngineExecutionOrchestrator.execute(EngineExecutionOrchestrator.java:57)
	at org.junit.platform.launcher.core.DefaultLauncher.execute(DefaultLauncher.java:103)
	at org.junit.platform.launcher.core.DefaultLauncher.execute(DefaultLauncher.java:94)
	at org.junit.platform.launcher.core.DelegatingLauncher.execute(DelegatingLauncher.java:52)
	at org.junit.platform.launcher.core.SessionPerRequestLauncher.execute(SessionPerRequestLauncher.java:70)
	at io.quarkus.deployment.dev.testing.JunitTestRunner$2.run(JunitTestRunner.java:227)
	at io.quarkus.deployment.dev.testing.ModuleTestRunner$2.run(ModuleTestRunner.java:89)
	at io.quarkus.deployment.dev.testing.TestSupport.runInternal(TestSupport.java:466)
	at io.quarkus.deployment.dev.testing.TestSupport$3.run(TestSupport.java:386)
	at java.base/java.lang.Thread.run(Thread.java:1583)

2025-06-16 05:01:47,906(dd-MM-yyyy HH:mm:ss) INFO  [io.gi.Jo.re.PedidoResource] (Test runner thread)Usu√°rio user@example.com criando novo pedido.
2025-06-16 05:01:47,908(dd-MM-yyyy HH:mm:ss) WARN  [io.gi.Jo.re.PedidoResource] (Test runner thread)Erro ao criar pedido para user@example.com: Cliente n√£o encontrado.
2025-06-16 05:01:47,960(dd-MM-yyyy HH:mm:ss) INFO  [io.gi.Jo.re.PedidoResource] (Test runner thread)Usu√°rio user@example.com solicitando cancelamento do pedido ID 1.
2025-06-16 05:01:47,997(dd-MM-yyyy HH:mm:ss) INFO  [io.gi.Jo.re.PedidoResource] (Test runner thread)Usu√°rio user@example.com buscando sua compra de ID 99.
2025-06-16 05:01:48,000(dd-MM-yyyy HH:mm:ss) WARN  [io.gi.Jo.re.PedidoResource] (Test runner thread)Compra de ID 99 n√£o encontrada para o usu√°rio user@example.com.
2025-06-16 05:01:48,050(dd-MM-yyyy HH:mm:ss) INFO  [io.gi.Jo.re.PedidoResource] (Test runner thread)Usu√°rio user@example.com buscando sua compra de ID 1.
2025-06-16 05:01:48,110(dd-MM-yyyy HH:mm:ss) INFO  [io.gi.Jo.re.PedidoResource] (Test runner thread)Usu√°rio user@example.com gerando boleto para o pedido ID 1.
2025-06-16 05:01:48,157(dd-MM-yyyy HH:mm:ss) INFO  [io.gi.Jo.re.PedidoResource] (Test runner thread)Usu√°rio user@example.com buscando seu hist√≥rico de compras.
2025-06-16 05:01:48,179(dd-MM-yyyy HH:mm:ss) INFO  [io.gi.Jo.re.PedidoResource] (Test runner thread)Usu√°rio user@example.com gerando c√≥digo PIX para o pedido ID 1.
2025-06-16 05:01:48,239(dd-MM-yyyy HH:mm:ss) INFO  [io.gi.Jo.re.PedidoResource] (Test runner thread)Usu√°rio user@example.com solicitando cancelamento do pedido ID 1.
2025-06-16 05:01:48,247(dd-MM-yyyy HH:mm:ss) WARN  [io.gi.Jo.re.PedidoResource] (Test runner thread)N√£o foi poss√≠vel cancelar o pedido ID 1 para user@example.com: N√£o pode cancelar.
2025-06-16 05:01:48,388(dd-MM-yyyy HH:mm:ss) INFO  [io.gi.Jo.re.PedidoResource] (Test runner thread)Operador adm@example.com atualizando situa√ß√£o do pedido ID 99 para a situa√ß√£o de ID 2.
2025-06-16 05:01:48,390(dd-MM-yyyy HH:mm:ss) WARN  [io.gi.Jo.re.PedidoResource] (Test runner thread)Pedido ID 99 n√£o encontrado para atualiza√ß√£o de situa√ß√£o.
2025-06-16 05:01:48,413(dd-MM-yyyy HH:mm:ss) INFO  [io.gi.Jo.re.PedidoResource] (Test runner thread)Operador adm@example.com buscando todos os pedidos.
2025-06-16 05:01:48,435(dd-MM-yyyy HH:mm:ss) INFO  [io.gi.Jo.re.PedidoResource] (Test runner thread)Servi√ßo ou operador adm@example.com confirmando pagamento PIX para o pedido ID 1.
2025-06-16 05:01:48,460(dd-MM-yyyy HH:mm:ss) INFO  [io.gi.Jo.re.PedidoResource] (Test runner thread)Operador employe@example.com buscando pedido por ID 1.
2025-06-16 05:01:48,479(dd-MM-yyyy HH:mm:ss) INFO  [io.gi.Jo.re.PedidoResource] (Test runner thread)Servi√ßo ou operador adm@example.com confirmando pagamento de boleto para o pedido ID 1.
2025-06-16 05:01:48,500(dd-MM-yyyy HH:mm:ss) INFO  [io.gi.Jo.re.PedidoResource] (Test runner thread)Operador adm@example.com atualizando situa√ß√£o do pedido ID 1 para a situa√ß√£o de ID 2.
2025-06-16 05:01:48,559(dd-MM-yyyy HH:mm:ss) WARN  [io.gi.Jo.re.PedidoResource] (Test runner thread)Token JWT n√£o possui o claim 'upn', 'preferred_username' ou 'email'.
2025-06-16 05:01:48,676(dd-MM-yyyy HH:mm:ss) INFO  [io.qu.test] (Test runner thread)[32mAll tests are now passing[39m
